TN:
SF:database/models/content_type_entries.js
FN:5,(anonymous_0)
FN:12,(anonymous_1)
FNF:2
FNH:2
FNDA:4,(anonymous_0)
FNDA:4,(anonymous_1)
DA:4,4
DA:5,4
DA:16,4
DA:23,4
LF:4
LH:4
BRF:0
BRH:0
end_of_record
TN:
SF:database/models/content_types.js
FN:5,(anonymous_0)
FN:12,(anonymous_1)
FNF:2
FNH:2
FNDA:4,(anonymous_0)
FNDA:4,(anonymous_1)
DA:4,4
DA:5,4
DA:16,4
DA:23,4
LF:4
LH:4
BRF:0
BRH:0
end_of_record
TN:
SF:database/models/index.js
FN:21,(anonymous_0)
FN:29,(anonymous_1)
FN:34,(anonymous_2)
FNF:3
FNH:3
FNDA:12,(anonymous_0)
FNDA:8,(anonymous_1)
FNDA:8,(anonymous_2)
DA:3,4
DA:4,4
DA:5,4
DA:6,4
DA:7,4
DA:8,4
DA:9,4
DA:10,4
DA:13,4
DA:14,0
DA:16,4
DA:19,4
DA:22,12
DA:30,8
DA:31,8
DA:34,4
DA:35,8
DA:36,8
DA:40,4
DA:41,4
DA:43,4
LF:21
LH:20
BRDA:8,0,0,4
BRDA:8,0,1,0
BRDA:13,1,0,0
BRDA:13,1,1,4
BRDA:23,2,0,12
BRDA:23,2,1,12
BRDA:23,2,2,8
BRDA:23,2,3,8
BRDA:35,3,0,8
BRDA:35,3,1,0
BRF:10
BRH:7
end_of_record
TN:
SF:src/controllers/contentType.js
FN:3,(anonymous_0)
FN:13,(anonymous_1)
FN:23,(anonymous_2)
FN:33,(anonymous_3)
FN:43,(anonymous_4)
FN:53,(anonymous_5)
FN:63,(anonymous_6)
FNF:7
FNH:7
FNDA:2,(anonymous_0)
FNDA:2,(anonymous_1)
FNDA:2,(anonymous_2)
FNDA:2,(anonymous_3)
FNDA:2,(anonymous_4)
FNDA:2,(anonymous_5)
FNDA:2,(anonymous_6)
DA:1,1
DA:3,1
DA:4,2
DA:5,2
DA:6,1
DA:9,1
DA:13,1
DA:14,2
DA:15,2
DA:16,1
DA:19,1
DA:23,1
DA:24,2
DA:25,2
DA:26,1
DA:29,1
DA:33,1
DA:34,2
DA:35,2
DA:36,1
DA:39,1
DA:43,1
DA:44,2
DA:45,2
DA:46,1
DA:49,1
DA:53,1
DA:54,2
DA:55,2
DA:56,1
DA:59,1
DA:63,1
DA:64,2
DA:65,2
DA:66,1
DA:69,1
DA:76,1
LF:37
LH:37
BRF:0
BRH:0
end_of_record
TN:
SF:src/controllers/contentTypeEntry.js
FN:2,(anonymous_0)
FN:11,(anonymous_1)
FN:20,(anonymous_2)
FN:29,(anonymous_3)
FNF:4
FNH:4
FNDA:2,(anonymous_0)
FNDA:2,(anonymous_1)
FNDA:2,(anonymous_2)
FNDA:2,(anonymous_3)
DA:1,1
DA:2,1
DA:3,2
DA:4,2
DA:5,1
DA:7,1
DA:11,1
DA:12,2
DA:13,2
DA:14,1
DA:16,1
DA:20,1
DA:21,2
DA:22,2
DA:23,1
DA:25,1
DA:29,1
DA:30,2
DA:31,2
DA:32,1
DA:33,0
DA:35,1
DA:37,1
DA:45,1
LF:24
LH:23
BRDA:32,0,0,0
BRDA:32,0,1,1
BRF:2
BRH:1
end_of_record
TN:
SF:src/middlewares/validator.js
FN:44,(anonymous_0)
FN:54,(anonymous_1)
FN:64,(anonymous_2)
FN:74,(anonymous_3)
FN:84,(anonymous_4)
FN:94,(anonymous_5)
FN:102,(anonymous_6)
FN:110,(anonymous_7)
FN:118,(anonymous_8)
FNF:9
FNH:5
FNDA:2,(anonymous_0)
FNDA:3,(anonymous_1)
FNDA:3,(anonymous_2)
FNDA:2,(anonymous_3)
FNDA:3,(anonymous_4)
FNDA:0,(anonymous_5)
FNDA:0,(anonymous_6)
FNDA:0,(anonymous_7)
FNDA:0,(anonymous_8)
DA:1,1
DA:2,1
DA:4,1
DA:8,1
DA:13,1
DA:18,1
DA:24,1
DA:29,1
DA:34,1
DA:40,1
DA:44,1
DA:46,2
DA:47,2
DA:48,1
DA:50,2
DA:54,1
DA:56,3
DA:57,3
DA:58,2
DA:60,3
DA:64,1
DA:66,3
DA:67,3
DA:68,2
DA:70,3
DA:74,1
DA:76,2
DA:77,2
DA:78,2
DA:80,2
DA:84,1
DA:86,3
DA:87,3
DA:88,2
DA:90,3
DA:94,1
DA:95,0
DA:96,0
DA:97,0
DA:99,0
DA:102,1
DA:103,0
DA:104,0
DA:105,0
DA:107,0
DA:110,1
DA:111,0
DA:112,0
DA:113,0
DA:115,0
DA:118,1
DA:119,0
DA:120,0
DA:121,0
DA:122,0
DA:125,0
DA:129,1
LF:57
LH:40
BRDA:47,0,0,1
BRDA:47,0,1,1
BRDA:57,1,0,2
BRDA:57,1,1,1
BRDA:67,2,0,2
BRDA:67,2,1,1
BRDA:77,3,0,2
BRDA:77,3,1,0
BRDA:87,4,0,2
BRDA:87,4,1,1
BRDA:96,5,0,0
BRDA:96,5,1,0
BRDA:104,6,0,0
BRDA:104,6,1,0
BRDA:112,7,0,0
BRDA:112,7,1,0
BRF:16
BRH:9
end_of_record
TN:
SF:src/services/contentType.js
FN:3,(anonymous_0)
FN:13,(anonymous_1)
FN:21,(anonymous_2)
FN:27,(anonymous_3)
FN:30,(anonymous_4)
FN:34,(anonymous_5)
FN:40,(anonymous_6)
FN:42,(anonymous_7)
FN:48,(anonymous_8)
FN:51,(anonymous_9)
FN:55,(anonymous_10)
FN:66,(anonymous_11)
FN:76,(anonymous_12)
FN:81,(anonymous_13)
FN:89,(anonymous_14)
FNF:15
FNH:11
FNDA:2,(anonymous_0)
FNDA:2,(anonymous_1)
FNDA:1,(anonymous_2)
FNDA:0,(anonymous_3)
FNDA:0,(anonymous_4)
FNDA:2,(anonymous_5)
FNDA:1,(anonymous_6)
FNDA:1,(anonymous_7)
FNDA:0,(anonymous_8)
FNDA:0,(anonymous_9)
FNDA:2,(anonymous_10)
FNDA:1,(anonymous_11)
FNDA:1,(anonymous_12)
FNDA:2,(anonymous_13)
FNDA:1,(anonymous_14)
DA:1,2
DA:3,2
DA:4,2
DA:5,2
DA:6,1
DA:8,1
DA:9,1
DA:10,1
DA:13,2
DA:14,2
DA:15,2
DA:16,1
DA:18,1
DA:19,1
DA:20,1
DA:21,1
DA:22,1
DA:23,0
DA:24,0
DA:25,0
DA:26,0
DA:27,0
DA:30,0
DA:31,1
DA:34,2
DA:35,2
DA:36,2
DA:37,1
DA:39,1
DA:40,1
DA:41,1
DA:42,1
DA:43,1
DA:44,0
DA:45,0
DA:46,0
DA:47,0
DA:48,0
DA:51,0
DA:52,1
DA:55,2
DA:56,2
DA:57,2
DA:58,1
DA:60,1
DA:61,1
DA:62,0
DA:64,1
DA:65,1
DA:66,1
DA:67,1
DA:68,0
DA:70,1
DA:72,1
DA:73,1
DA:76,2
DA:77,1
DA:78,1
DA:81,2
DA:82,2
DA:83,2
DA:84,1
DA:85,1
DA:89,2
DA:90,1
DA:91,1
DA:95,2
LF:67
LH:53
BRDA:5,0,0,1
BRDA:5,0,1,1
BRDA:15,1,0,1
BRDA:15,1,1,1
BRDA:22,2,0,0
BRDA:22,2,1,1
BRDA:36,3,0,1
BRDA:36,3,1,1
BRDA:43,4,0,0
BRDA:43,4,1,1
BRDA:57,5,0,1
BRDA:57,5,1,1
BRDA:61,6,0,0
BRDA:61,6,1,1
BRDA:67,7,0,0
BRDA:67,7,1,1
BRDA:83,8,0,1
BRDA:83,8,1,1
BRF:18
BRH:14
end_of_record
TN:
SF:src/services/contentTypeEntry.js
FN:3,(anonymous_0)
FN:20,(anonymous_1)
FN:25,(anonymous_2)
FN:36,(anonymous_3)
FNF:4
FNH:4
FNDA:2,(anonymous_0)
FNDA:1,(anonymous_1)
FNDA:1,(anonymous_2)
FNDA:1,(anonymous_3)
DA:1,2
DA:3,2
DA:4,2
DA:5,2
DA:6,1
DA:8,1
DA:9,1
DA:10,1
DA:11,1
DA:12,2
DA:14,1
DA:15,1
DA:16,1
DA:17,1
DA:20,2
DA:21,1
DA:22,1
DA:25,2
DA:26,1
DA:27,1
DA:28,1
DA:30,0
DA:31,0
DA:32,0
DA:33,0
DA:36,2
DA:37,1
DA:38,1
DA:41,2
LF:29
LH:25
BRDA:5,0,0,1
BRDA:5,0,1,1
BRDA:27,1,0,1
BRDA:27,1,1,0
BRF:4
BRH:3
end_of_record
